Base path: '/Users/hiroki/Documents/Unity/2019.4.16f1/Unity.app/Contents', plugins path '/Users/hiroki/Documents/Unity/2019.4.16f1/Unity.app/Contents/PlaybackEngines'
Cmd: initializeCompiler
Cmd: compileComputeKernel
  api=14 insize=16804 outsize=12944 ok=1
Cmd: translateComputeKernel
  api=14 insize=650 outsize=570 ok=1
Cmd: translateComputeKernel
  api=14 insize=13169 outsize=16823 ok=1
Cmd: translateComputeKernel
  api=14 insize=12871 outsize=15140 ok=1
Cmd: compileComputeKernel
  api=14 insize=9809 outsize=17996 ok=1
Cmd: compileComputeKernel
  api=14 insize=9809 outsize=18177 ok=1
Cmd: translateComputeKernel
  api=14 insize=15684 outsize=20552 ok=1
Cmd: translateComputeKernel
  api=14 insize=17084 outsize=23087 ok=1
Cmd: compileComputeKernel
  api=14 insize=4823 outsize=11259 ok=1
Cmd: translateComputeKernel
  api=14 insize=12039 outsize=14828 ok=1
Cmd: translateComputeKernel
  api=14 insize=14375 outsize=21392 ok=1
Cmd: compileComputeKernel
  api=14 insize=868 outsize=1094 ok=1
Cmd: compileComputeKernel
  api=14 insize=40264 outsize=54969 ok=1
Cmd: compileComputeKernel
  api=14 insize=40264 outsize=55823 ok=1
Cmd: translateComputeKernel
  api=14 insize=57466 outsize=118155 ok=1
Cmd: translateComputeKernel
  api=14 insize=57466 outsize=118155 ok=1
Cmd: compileComputeKernel
  api=14 insize=3450 outsize=9528 ok=1
Cmd: translateComputeKernel
  api=14 insize=9668 outsize=11528 ok=1
Cmd: compileComputeKernel
  api=14 insize=22295 outsize=16579 ok=1
Cmd: translateComputeKernel
  api=14 insize=16621 outsize=33474 ok=1
Cmd: translateComputeKernel
  api=14 insize=10282 outsize=15685 ok=1
Cmd: compileComputeKernel
  api=14 insize=8233 outsize=637 ok=1
Cmd: translateComputeKernel
  api=14 insize=907 outsize=537 ok=1
Cmd: compileComputeKernel
  api=14 insize=6119 outsize=10908 ok=1
Cmd: translateComputeKernel
  api=14 insize=11299 outsize=13770 ok=1
Cmd: compileComputeKernel
  api=14 insize=6745 outsize=10492 ok=1
Cmd: compileComputeKernel
  api=14 insize=6745 outsize=9970 ok=1
Cmd: compileComputeKernel
  api=14 insize=6745 outsize=1464 ok=1
Cmd: translateComputeKernel
  api=14 insize=10081 outsize=11914 ok=1
Cmd: translateComputeKernel
  api=14 insize=9970 outsize=11533 ok=1
Cmd: translateComputeKernel
  api=14 insize=1619 outsize=1868 ok=1
Cmd: translateComputeKernel
  api=14 insize=2428 outsize=4814 ok=1
Cmd: translateComputeKernel
  api=14 insize=7441 outsize=12959 ok=1
Cmd: compileComputeKernel
  api=14 insize=26542 outsize=16225 ok=1
Cmd: compileComputeKernel
  api=14 insize=26542 outsize=18329 ok=1
Cmd: translateComputeKernel
  api=14 insize=15750 outsize=30139 ok=1
Cmd: translateComputeKernel
  api=14 insize=18128 outsize=34123 ok=1
Cmd: compileComputeKernel
  api=14 insize=16295 outsize=50662 ok=1
Cmd: compileComputeKernel
  api=14 insize=16295 outsize=84983 ok=1
Cmd: compileComputeKernel
  api=14 insize=16295 outsize=66511 ok=1
Cmd: compileComputeKernel
  api=14 insize=16295 outsize=49638 ok=1
Cmd: compileComputeKernel
  api=14 insize=16295 outsize=48514 ok=1
Cmd: compileComputeKernel
  api=14 insize=16295 outsize=25031 ok=1
Cmd: compileComputeKernel
  api=14 insize=16295 outsize=52459 ok=1
Cmd: compileComputeKernel
  api=14 insize=16295 outsize=59244 ok=1
Cmd: compileComputeKernel
  api=14 insize=16295 outsize=68780 ok=1
Cmd: compileComputeKernel
  api=14 insize=16295 outsize=65416 ok=1
Cmd: compileComputeKernel
  api=14 insize=16295 outsize=124252 ok=1
Cmd: translateComputeKernel
  api=14 insize=119541 outsize=269115 ok=1
Cmd: translateComputeKernel
  api=14 insize=62644 outsize=123685 ok=1
Cmd: translateComputeKernel
  api=14 insize=26971 outsize=43087 ok=1
Cmd: translateComputeKernel
  api=14 insize=28105 outsize=45484 ok=1
Cmd: translateComputeKernel
  api=14 insize=53601 outsize=104041 ok=1
Cmd: translateComputeKernel
  api=14 insize=61724 outsize=123784 ok=1
Cmd: translateComputeKernel
  api=14 insize=77322 outsize=162922 ok=1
Cmd: translateComputeKernel
  api=14 insize=52248 outsize=99754 ok=1
Cmd: translateComputeKernel
  api=14 insize=70005 outsize=144111 ok=1
Cmd: compileComputeKernel
  api=14 insize=3697 outsize=6603 ok=1
Cmd: translateComputeKernel
  api=14 insize=4015 outsize=5209 ok=1
Cmd: compileComputeKernel
  api=14 insize=3916 outsize=10208 ok=1
Cmd: compileComputeKernel
  api=14 insize=3447 outsize=10763 ok=1
Cmd: translateComputeKernel
  api=14 insize=10773 outsize=13499 ok=1
Cmd: translateComputeKernel
  api=14 insize=3435 outsize=5240 ok=1
Cmd: translateComputeKernel
  api=14 insize=12007 outsize=15003 ok=1
Cmd: compileSnippet
  api=14 type=1 insize=1630 outsize=882 kw= pd=UNITY_ENABLE_REFLECTION_BUFFERS UNITY_USE_DITHER_MASK_FOR_ALPHABLENDED_SHADOWS UNITY_PBS_USE_BRDF1 UNITY_SPECCUBE_BOX_PROJECTION UNITY_SPECCUBE_BLENDING UNITY_ENABLE_DETAIL_NORMALMAP SHADER_API_DESKTOP UNITY_LIGHT_PROBE_PROXY_VOLUME UNITY_LIGHTMAP_FULL_HDR ok=1

Quitting shader compiler process
