Base path: '/Users/hiroki/Documents/Unity/2019.4.16f1/Unity.app/Contents', plugins path '/Users/hiroki/Documents/Unity/2019.4.16f1/Unity.app/Contents/PlaybackEngines'
Cmd: initializeCompiler
Cmd: translateComputeKernel
  api=14 insize=12192 outsize=21055 ok=1
Cmd: compileComputeKernel
  api=14 insize=9615 outsize=4412 ok=1
Cmd: translateComputeKernel
  api=14 insize=4569 outsize=7195 ok=1
Cmd: compileComputeKernel
  api=14 insize=9809 outsize=16785 ok=1
Cmd: compileComputeKernel
  api=14 insize=9809 outsize=15834 ok=1
Cmd: translateComputeKernel
  api=14 insize=17996 outsize=24630 ok=1
Cmd: translateComputeKernel
  api=14 insize=18134 outsize=28458 ok=1
Cmd: compileComputeKernel
  api=14 insize=4823 outsize=11307 ok=1
Cmd: translateComputeKernel
  api=14 insize=1340 outsize=1327 ok=1
Cmd: translateComputeKernel
  api=14 insize=11244 outsize=13811 ok=1
Cmd: compileComputeKernel
  api=14 insize=3111 outsize=2800 ok=1
Cmd: compileComputeKernel
  api=14 insize=868 outsize=1094 ok=1
Cmd: translateComputeKernel
  api=14 insize=1094 outsize=1106 ok=1
Cmd: compileComputeKernel
  api=14 insize=40264 outsize=56589 ok=1
Cmd: compileComputeKernel
  api=14 insize=40264 outsize=56589 ok=1
Cmd: translateComputeKernel
  api=14 insize=56716 outsize=115800 ok=1
Cmd: translateComputeKernel
  api=14 insize=56716 outsize=115800 ok=1
Cmd: compileComputeKernel
  api=14 insize=3450 outsize=9668 ok=1
Cmd: translateComputeKernel
  api=14 insize=9668 outsize=11528 ok=1
Cmd: compileComputeKernel
  api=14 insize=22295 outsize=17670 ok=1
Cmd: translateComputeKernel
  api=14 insize=15973 outsize=32220 ok=1
Cmd: compileComputeKernel
  api=14 insize=9735 outsize=10545 ok=1
Cmd: translateComputeKernel
  api=14 insize=16140 outsize=26216 ok=1
Cmd: translateComputeKernel
  api=14 insize=16288 outsize=22964 ok=1
Cmd: compileComputeKernel
  api=14 insize=8233 outsize=14545 ok=1
Cmd: translateComputeKernel
  api=14 insize=1540 outsize=1297 ok=1
Cmd: compileComputeKernel
  api=14 insize=6119 outsize=11809 ok=1
Cmd: translateComputeKernel
  api=14 insize=10807 outsize=13002 ok=1
Cmd: compileComputeKernel
  api=14 insize=3095 outsize=2645 ok=1
Cmd: translateComputeKernel
  api=14 insize=2640 outsize=3548 ok=1
Cmd: compileComputeKernel
  api=14 insize=6745 outsize=1179 ok=1
Cmd: compileComputeKernel
  api=14 insize=6745 outsize=1375 ok=1
Cmd: compileComputeKernel
  api=14 insize=6745 outsize=13470 ok=1
Cmd: translateComputeKernel
  api=14 insize=13381 outsize=17362 ok=1
Cmd: compileComputeKernel
  api=14 insize=9103 outsize=5006 ok=1
Cmd: translateComputeKernel
  api=14 insize=3935 outsize=6897 ok=1
Cmd: compileComputeKernel
  api=14 insize=26542 outsize=17903 ok=1
Cmd: translateComputeKernel
  api=14 insize=17711 outsize=33608 ok=1
Cmd: compileComputeKernel
  api=14 insize=16295 outsize=25020 ok=1
Cmd: compileComputeKernel
  api=14 insize=16295 outsize=64046 ok=1
Cmd: compileComputeKernel
  api=14 insize=16295 outsize=74259 ok=1
Cmd: compileComputeKernel
  api=14 insize=16295 outsize=53367 ok=1
Cmd: compileComputeKernel
  api=14 insize=16295 outsize=61787 ok=1
Cmd: compileComputeKernel
  api=14 insize=16295 outsize=53311 ok=1
Cmd: compileComputeKernel
  api=14 insize=16295 outsize=121711 ok=1
Cmd: compileComputeKernel
  api=14 insize=16295 outsize=100381 ok=1
Cmd: translateComputeKernel
  api=14 insize=51804 outsize=98398 ok=1
Cmd: translateComputeKernel
  api=14 insize=85756 outsize=184156 ok=1
Cmd: translateComputeKernel
  api=14 insize=54509 outsize=103958 ok=1
Cmd: translateComputeKernel
  api=14 insize=62644 outsize=123590 ok=1
Cmd: translateComputeKernel
  api=14 insize=75372 outsize=155932 ok=1
Cmd: translateComputeKernel
  api=14 insize=54453 outsize=103755 ok=1
Cmd: translateComputeKernel
  api=14 insize=88409 outsize=189360 ok=1
Cmd: translateComputeKernel
  api=14 insize=50686 outsize=96831 ok=1
Cmd: translateComputeKernel
  api=14 insize=102296 outsize=229381 ok=1
Cmd: translateComputeKernel
  api=14 insize=1525 outsize=1418 ok=1
Cmd: compileComputeKernel
  api=14 insize=7589 outsize=1541 ok=1
Cmd: compileComputeKernel
  api=14 insize=13959 outsize=3328 ok=1
Cmd: compileComputeKernel
  api=14 insize=10587 outsize=16627 ok=1
Cmd: compileSnippet
  api=14 type=1 insize=3240 outsize=8159 kw= pd=UNITY_ENABLE_REFLECTION_BUFFERS UNITY_USE_DITHER_MASK_FOR_ALPHABLENDED_SHADOWS UNITY_PBS_USE_BRDF1 UNITY_SPECCUBE_BOX_PROJECTION UNITY_SPECCUBE_BLENDING UNITY_ENABLE_DETAIL_NORMALMAP SHADER_API_DESKTOP UNITY_LIGHT_PROBE_PROXY_VOLUME UNITY_LIGHTMAP_FULL_HDR ok=1
Cmd: compileComputeKernel
  api=14 insize=9854 outsize=4949 ok=1
Cmd: translateComputeKernel
  api=14 insize=4949 outsize=8694 ok=1
Cmd: compileSnippet
  api=14 type=1 insize=23328 outsize=20823 kw= pd=UNITY_ENABLE_REFLECTION_BUFFERS UNITY_USE_DITHER_MASK_FOR_ALPHABLENDED_SHADOWS UNITY_PBS_USE_BRDF1 UNITY_SPECCUBE_BOX_PROJECTION UNITY_SPECCUBE_BLENDING UNITY_ENABLE_DETAIL_NORMALMAP SHADER_API_DESKTOP UNITY_LIGHT_PROBE_PROXY_VOLUME UNITY_LIGHTMAP_FULL_HDR ok=1

Quitting shader compiler process
