Base path: '/Users/hiroki/Documents/Unity/2019.4.16f1/Unity.app/Contents', plugins path '/Users/hiroki/Documents/Unity/2019.4.16f1/Unity.app/Contents/PlaybackEngines'
Cmd: initializeCompiler
Cmd: compileComputeKernel
  api=14 insize=16804 outsize=10405 ok=1
Cmd: compileComputeKernel
  api=14 insize=21596 outsize=36184 ok=1
Cmd: translateComputeKernel
  api=14 insize=103912 outsize=634277 ok=1
Cmd: translateComputeKernel
  api=14 insize=4549 outsize=7224 ok=1
Cmd: compileComputeKernel
  api=14 insize=9809 outsize=13290 ok=1
Cmd: compileComputeKernel
  api=14 insize=9809 outsize=13382 ok=1
Cmd: translateComputeKernel
  api=14 insize=14739 outsize=18938 ok=1
Cmd: translateComputeKernel
  api=14 insize=18177 outsize=24954 ok=1
Cmd: compileComputeKernel
  api=14 insize=17994 outsize=18085 ok=1
Cmd: compileComputeKernel
  api=14 insize=4823 outsize=11302 ok=1
Cmd: translateComputeKernel
  api=14 insize=11259 outsize=13948 ok=1
Cmd: compileComputeKernel
  api=14 insize=1372 outsize=1246 ok=1
Cmd: translateComputeKernel
  api=14 insize=2550 outsize=4256 ok=1
Cmd: compileComputeKernel
  api=14 insize=3111 outsize=2803 ok=1
Cmd: compileComputeKernel
  api=14 insize=40264 outsize=57379 ok=1
Cmd: compileComputeKernel
  api=14 insize=40264 outsize=57379 ok=1
Cmd: translateComputeKernel
  api=14 insize=52154 outsize=107619 ok=1
Cmd: translateComputeKernel
  api=14 insize=52154 outsize=107619 ok=1
Cmd: translateComputeKernel
  api=14 insize=11733 outsize=11992 ok=1
Cmd: translateComputeKernel
  api=14 insize=11733 outsize=11992 ok=1
Cmd: compileComputeKernel
  api=14 insize=3450 outsize=9668 ok=1
Cmd: translateComputeKernel
  api=14 insize=9528 outsize=11338 ok=1
Cmd: compileComputeKernel
  api=14 insize=22295 outsize=16544 ok=1
Cmd: translateComputeKernel
  api=14 insize=17022 outsize=33981 ok=1
Cmd: compileComputeKernel
  api=14 insize=9735 outsize=10355 ok=1
Cmd: compileComputeKernel
  api=14 insize=7840 outsize=16254 ok=1
Cmd: compileComputeKernel
  api=14 insize=6119 outsize=11341 ok=1
Cmd: translateComputeKernel
  api=14 insize=11708 outsize=14431 ok=1
Cmd: compileComputeKernel
  api=14 insize=6745 outsize=10081 ok=1
Cmd: compileComputeKernel
  api=14 insize=6745 outsize=10170 ok=1
Cmd: compileComputeKernel
  api=14 insize=6745 outsize=1403 ok=1
Cmd: translateComputeKernel
  api=14 insize=11530 outsize=14151 ok=1
Cmd: translateComputeKernel
  api=14 insize=11451 outsize=14252 ok=1
Cmd: compileComputeKernel
  api=14 insize=9103 outsize=3827 ok=1
Cmd: compileComputeKernel
  api=14 insize=26542 outsize=17285 ok=1
Cmd: compileComputeKernel
  api=14 insize=26542 outsize=772 ok=1
Cmd: translateComputeKernel
  api=14 insize=16312 outsize=30909 ok=1
Cmd: translateComputeKernel
  api=14 insize=1337 outsize=562 ok=1
Cmd: compileComputeKernel
  api=14 insize=16295 outsize=121520 ok=1
Cmd: compileComputeKernel
  api=14 insize=16295 outsize=74311 ok=1
Cmd: compileComputeKernel
  api=14 insize=16295 outsize=87636 ok=1
Cmd: compileComputeKernel
  api=14 insize=16295 outsize=55188 ok=1
Cmd: compileComputeKernel
  api=14 insize=16295 outsize=90177 ok=1
Cmd: translateComputeKernel
  api=14 insize=122010 outsize=276743 ok=1
Cmd: translateComputeKernel
  api=14 insize=67400 outsize=138991 ok=1
Cmd: translateComputeKernel
  api=14 insize=60027 outsize=124994 ok=1
Cmd: translateComputeKernel
  api=14 insize=69841 outsize=143594 ok=1
Cmd: translateComputeKernel
  api=14 insize=66273 outsize=133944 ok=1
Cmd: translateComputeKernel
  api=14 insize=64429 outsize=129201 ok=1
Cmd: compileComputeKernel
  api=14 insize=5893 outsize=1413 ok=1
Cmd: compileComputeKernel
  api=14 insize=3922 outsize=4981 ok=1
Cmd: translateComputeKernel
  api=14 insize=4912 outsize=8864 ok=1
Cmd: compileComputeKernel
  api=14 insize=2557 outsize=1305 ok=1
Cmd: translateComputeKernel
  api=14 insize=991 outsize=1406 ok=1
Cmd: compileComputeKernel
  api=14 insize=12177 outsize=2075 ok=1
Cmd: translateComputeKernel
  api=14 insize=2002 outsize=2325 ok=1
Cmd: compileComputeKernel
  api=14 insize=11069 outsize=19249 ok=1
Cmd: translateComputeKernel
  api=14 insize=19287 outsize=29539 ok=1
Cmd: compileComputeKernel
  api=14 insize=7589 outsize=1552 ok=1
Cmd: translateComputeKernel
  api=14 insize=7010 outsize=13549 ok=1
Cmd: compileComputeKernel
  api=14 insize=13959 outsize=517 ok=1
Cmd: translateComputeKernel
  api=14 insize=4595 outsize=8245 ok=1
Cmd: compileSnippet
  api=14 type=1 insize=3073 outsize=6451 kw= pd=UNITY_ENABLE_REFLECTION_BUFFERS UNITY_USE_DITHER_MASK_FOR_ALPHABLENDED_SHADOWS UNITY_PBS_USE_BRDF1 UNITY_SPECCUBE_BOX_PROJECTION UNITY_SPECCUBE_BLENDING UNITY_ENABLE_DETAIL_NORMALMAP SHADER_API_DESKTOP UNITY_LIGHT_PROBE_PROXY_VOLUME UNITY_LIGHTMAP_FULL_HDR ok=1

Quitting shader compiler process
